\BOOKMARK [0][-]{chapter.1}{Installing\040ImageJ/FIJI}{}% 1
\BOOKMARK [1][-]{section.1.1}{Download\040FIJI\040Package}{chapter.1}% 2
\BOOKMARK [1][-]{section.1.2}{Installation}{chapter.1}% 3
\BOOKMARK [2][-]{subsection.1.2.1}{Windows}{section.1.2}% 4
\BOOKMARK [2][-]{subsection.1.2.2}{Linux}{section.1.2}% 5
\BOOKMARK [2][-]{subsection.1.2.3}{macOS}{section.1.2}% 6
\BOOKMARK [3][-]{subsubsection*.3}{Backup\040Instructions\040for\040macOS}{subsection.1.2.3}% 7
\BOOKMARK [2][-]{subsection.1.2.4}{A\040Side\040Note\040on\040Updating}{section.1.2}% 8
\BOOKMARK [1][-]{section.1.3}{Install\040Plugins\040with\040Update\040Sites}{chapter.1}% 9
\BOOKMARK [1][-]{section.1.4}{Downloading\040a\040Practice\040Dataset}{chapter.1}% 10
\BOOKMARK [0][-]{chapter.2}{Common\040Keyboard\040Shortcuts}{}% 11
\BOOKMARK [1][-]{section.2.1}{Also\040Helpful}{chapter.2}% 12
\BOOKMARK [0][-]{chapter.3}{Getting\040Started,\040Opening\040an\040Image}{}% 13
\BOOKMARK [1][-]{section.3.1}{Starting\040with\040a\040basic\040image}{chapter.3}% 14
\BOOKMARK [1][-]{section.3.2}{Inspecting\040Images}{chapter.3}% 15
\BOOKMARK [1][-]{section.3.3}{Inverting\040the\040Background}{chapter.3}% 16
\BOOKMARK [1][-]{section.3.4}{Changing\040the\040Color\040Scheme\040\(LUT\)}{chapter.3}% 17
\BOOKMARK [2][-]{subsection.3.4.1}{Colorblindness\040Consideration}{section.3.4}% 18
\BOOKMARK [1][-]{section.3.5}{Plot/Line\040Plot}{chapter.3}% 19
\BOOKMARK [1][-]{section.3.6}{Opening\040and\040viewing\040a\040Z-Stack}{chapter.3}% 20
\BOOKMARK [1][-]{section.3.7}{Hyperstacks}{chapter.3}% 21
\BOOKMARK [2][-]{subsection.3.7.1}{Duplicate\040A\040Channel\040Or\040Image}{section.3.7}% 22
\BOOKMARK [1][-]{section.3.8}{Changing\040Channel\040Colors}{chapter.3}% 23
\BOOKMARK [1][-]{section.3.9}{3D\040Volume\040and\040Projections}{chapter.3}% 24
\BOOKMARK [1][-]{section.3.10}{Changing\040Image\040Types,\040cautiously.}{chapter.3}% 25
\BOOKMARK [1][-]{section.3.11}{Bit\040Depth}{chapter.3}% 26
\BOOKMARK [1][-]{section.3.12}{Adjusting\040Brightness\040and\040Contrast}{chapter.3}% 27
\BOOKMARK [1][-]{section.3.13}{Set\040Scale\040and\040Scale\040Bars}{chapter.3}% 28
\BOOKMARK [1][-]{section.3.14}{Accessing\040Image\040Metadata}{chapter.3}% 29
\BOOKMARK [0][-]{chapter.4}{Basic\040Segmentation}{}% 30
\BOOKMARK [1][-]{section.4.1}{Background\040Subtraction}{chapter.4}% 31
\BOOKMARK [1][-]{section.4.2}{Segmentation\040/\040Thresholding}{chapter.4}% 32
\BOOKMARK [1][-]{section.4.3}{Morphological\040filtering}{chapter.4}% 33
\BOOKMARK [1][-]{section.4.4}{Splitting\040chunks\040by\040watershed}{chapter.4}% 34
\BOOKMARK [1][-]{section.4.5}{Adding\040Selections\040to\040ROI\040Manager}{chapter.4}% 35
\BOOKMARK [1][-]{section.4.6}{Analyze\040Particles}{chapter.4}% 36
\BOOKMARK [1][-]{section.4.7}{Masks\040for\040Measurement}{chapter.4}% 37
\BOOKMARK [1][-]{section.4.8}{}{chapter.4}% 38
\BOOKMARK [1][-]{section.4.9}{Making\040Measurements}{chapter.4}% 39
\BOOKMARK [0][-]{chapter.5}{Basic\040Registration}{}% 40
\BOOKMARK [1][-]{section.5.1}{Stitching\040Images}{chapter.5}% 41
\BOOKMARK [0][-]{chapter.6}{Scripting}{}% 42
\BOOKMARK [1][-]{section.6.1}{Macro\040Recorder}{chapter.6}% 43
\BOOKMARK [2][-]{subsection.6.1.1}{Why\040does\040the\040recorder\040not\040show\040a\040response\040for\040all\040plugins?}{section.6.1}% 44
\BOOKMARK [1][-]{section.6.2}{}{chapter.6}% 45
\BOOKMARK [1][-]{section.6.3}{Batch\040Processing}{chapter.6}% 46
\BOOKMARK [0][-]{chapter.7}{Deconvolution}{}% 47
\BOOKMARK [0][-]{chapter.8}{\376\377\000B\000a\000c\000k\000g\000r\000o\000u\000n\000d\000\040\000S\000u\000b\000t\000r\000a\000c\000t\000i\000o\000n\000\040\040\023\000\040\000G\000a\000u\000s\000s\000i\000a\000n\000\040\000F\000i\000l\000t\000e\000r\000s}{}% 48
\BOOKMARK [0][-]{chapter.9}{\376\377\000T\000r\000a\000c\000k\000M\000a\000t\000e\000\040\040\023\000\040\000E\000x\000a\000m\000p\000l\000e\000\040\000f\000r\000o\000m\000\040\000d\000o\000c\000u\000m\000e\000n\000t\000a\000t\000i\000o\000n}{}% 49
\BOOKMARK [0][-]{chapter.10}{Labkit\040Segmentation}{}% 50
\BOOKMARK [0][-]{chapter.11}{Other\040Resources}{}% 51
